# JRE version: OpenJDK Runtime Environment (8.0_242) (build 1.8.0_242-release-1644-b3-6222593)
# Java VM: OpenJDK 64-Bit Server VM (25.242-b3-6222593 mixed mode linux-amd64 compressed oops)
Heap:
 PSYoungGen      total 315392K, used 122283K [0x00000000d5580000, 0x00000000f1c80000, 0x0000000100000000)
  eden space 294912K, 41% used [0x00000000d5580000,0x00000000dccead38,0x00000000e7580000)
  from space 20480K, 0% used [0x00000000e7580000,0x00000000e7580000,0x00000000e8980000)
  to   space 24576K, 0% used [0x00000000f0480000,0x00000000f0480000,0x00000000f1c80000)
 ParOldGen       total 242688K, used 33911K [0x0000000080000000, 0x000000008ed00000, 0x00000000d5580000)
  object space 242688K, 13% used [0x0000000080000000,0x000000008211dc30,0x000000008ed00000)
 Metaspace       used 63100K, capacity 66280K, committed 66584K, reserved 1105920K
  class space    used 8798K, capacity 9431K, committed 9520K, reserved 1048576K
GC Heap History (10 events):
Event: 2.017 GC heap before
{Heap before GC invocations=6 (full 1):
 PSYoungGen      total 203264K, used 50626K [0x00000000d5580000, 0x00000000e6580000, 0x0000000100000000)
  eden space 193024K, 20% used [0x00000000d5580000,0x00000000d7cf2350,0x00000000e1200000)
  from space 10240K, 99% used [0x00000000e5b80000,0x00000000e657e540,0x00000000e6580000)
  to   space 10240K, 0% used [0x00000000e5180000,0x00000000e5180000,0x00000000e5b80000)
 ParOldGen       total 108032K, used 14426K [0x0000000080000000, 0x0000000086980000, 0x00000000d5580000)
  object space 108032K, 13% used [0x0000000080000000,0x0000000080e16958,0x0000000086980000)
 Metaspace       used 34295K, capacity 35422K, committed 35496K, reserved 1079296K
  class space    used 4719K, capacity 5004K, committed 5040K, reserved 1048576K
Event: 2.024 GC heap after
Heap after GC invocations=6 (full 1):
 PSYoungGen      total 268288K, used 8545K [0x00000000d5580000, 0x00000000e9880000, 0x0000000100000000)
  eden space 258048K, 0% used [0x00000000d5580000,0x00000000d5580000,0x00000000e5180000)
  from space 10240K, 83% used [0x00000000e5180000,0x00000000e59d8670,0x00000000e5b80000)
  to   space 15360K, 0% used [0x00000000e8980000,0x00000000e8980000,0x00000000e9880000)
 ParOldGen       total 108032K, used 14434K [0x0000000080000000, 0x0000000086980000, 0x00000000d5580000)
  object space 108032K, 13% used [0x0000000080000000,0x0000000080e18958,0x0000000086980000)
 Metaspace       used 34295K, capacity 35422K, committed 35496K, reserved 1079296K
  class space    used 4719K, capacity 5004K, committed 5040K, reserved 1048576K
}
Event: 2.024 GC heap before
{Heap before GC invocations=7 (full 2):
 PSYoungGen      total 268288K, used 8545K [0x00000000d5580000, 0x00000000e9880000, 0x0000000100000000)
  eden space 258048K, 0% used [0x00000000d5580000,0x00000000d5580000,0x00000000e5180000)
  from space 10240K, 83% used [0x00000000e5180000,0x00000000e59d8670,0x00000000e5b80000)
  to   space 15360K, 0% used [0x00000000e8980000,0x00000000e8980000,0x00000000e9880000)
 ParOldGen       total 108032K, used 14434K [0x0000000080000000, 0x0000000086980000, 0x00000000d5580000)
  object space 108032K, 13% used [0x0000000080000000,0x0000000080e18958,0x0000000086980000)
 Metaspace       used 34295K, capacity 35422K, committed 35496K, reserved 1079296K
  class space    used 4719K, capacity 5004K, committed 5040K, reserved 1048576K
Event: 2.054 GC heap after
Heap after GC invocations=7 (full 2):
 PSYoungGen      total 268288K, used 0K [0x00000000d5580000, 0x00000000e9880000, 0x0000000100000000)
  eden space 258048K, 0% used [0x00000000d5580000,0x00000000d5580000,0x00000000e5180000)
  from space 10240K, 0% used [0x00000000e5180000,0x00000000e5180000,0x00000000e5b80000)
  to   space 15360K, 0% used [0x00000000e8980000,0x00000000e8980000,0x00000000e9880000)
 ParOldGen       total 166400K, used 16003K [0x0000000080000000, 0x000000008a280000, 0x00000000d5580000)
  object space 166400K, 9% used [0x0000000080000000,0x0000000080fa0e70,0x000000008a280000)
 Metaspace       used 34295K, capacity 35422K, committed 35496K, reserved 1079296K
  class space    used 4719K, capacity 5004K, committed 5040K, reserved 1048576K
}
Event: 3.093 GC heap before
{Heap before GC invocations=8 (full 2):
 PSYoungGen      total 268288K, used 258048K [0x00000000d5580000, 0x00000000e9880000, 0x0000000100000000)
  eden space 258048K, 100% used [0x00000000d5580000,0x00000000e5180000,0x00000000e5180000)
  from space 10240K, 0% used [0x00000000e5180000,0x00000000e5180000,0x00000000e5b80000)
  to   space 15360K, 0% used [0x00000000e8980000,0x00000000e8980000,0x00000000e9880000)
 ParOldGen       total 166400K, used 16003K [0x0000000080000000, 0x000000008a280000, 0x00000000d5580000)
  object space 166400K, 9% used [0x0000000080000000,0x0000000080fa0e70,0x000000008a280000)
 Metaspace       used 47857K, capacity 49658K, committed 49832K, reserved 1091584K
  class space    used 6455K, capacity 6825K, committed 6832K, reserved 1048576K
Event: 3.103 GC heap after
Heap after GC invocations=8 (full 2):
 PSYoungGen      total 310272K, used 15349K [0x00000000d5580000, 0x00000000ee580000, 0x0000000100000000)
  eden space 294912K, 0% used [0x00000000d5580000,0x00000000d5580000,0x00000000e7580000)
  from space 15360K, 99% used [0x00000000e8980000,0x00000000e987d498,0x00000000e9880000)
  to   space 20480K, 0% used [0x00000000e7580000,0x00000000e7580000,0x00000000e8980000)
 ParOldGen       total 166400K, used 21328K [0x0000000080000000, 0x000000008a280000, 0x00000000d5580000)
  object space 166400K, 12% used [0x0000000080000000,0x00000000814d43b0,0x000000008a280000)
 Metaspace       used 47857K, capacity 49658K, committed 49832K, reserved 1091584K
  class space    used 6455K, capacity 6825K, committed 6832K, reserved 1048576K
}
Event: 3.875 GC heap before
{Heap before GC invocations=9 (full 2):
 PSYoungGen      total 310272K, used 126836K [0x00000000d5580000, 0x00000000ee580000, 0x0000000100000000)
  eden space 294912K, 37% used [0x00000000d5580000,0x00000000dc25ff40,0x00000000e7580000)
  from space 15360K, 99% used [0x00000000e8980000,0x00000000e987d498,0x00000000e9880000)
  to   space 20480K, 0% used [0x00000000e7580000,0x00000000e7580000,0x00000000e8980000)
 ParOldGen       total 166400K, used 21328K [0x0000000080000000, 0x000000008a280000, 0x00000000d5580000)
  object space 166400K, 12% used [0x0000000080000000,0x00000000814d43b0,0x000000008a280000)
 Metaspace       used 56832K, capacity 59142K, committed 59160K, reserved 1099776K
  class space    used 7784K, capacity 8238K, committed 8240K, reserved 1048576K
Event: 3.887 GC heap after
Heap after GC invocations=9 (full 2):
 PSYoungGen      total 315392K, used 20464K [0x00000000d5580000, 0x00000000f1c80000, 0x0000000100000000)
  eden space 294912K, 0% used [0x00000000d5580000,0x00000000d5580000,0x00000000e7580000)
  from space 20480K, 99% used [0x00000000e7580000,0x00000000e897c0e0,0x00000000e8980000)
  to   space 24576K, 0% used [0x00000000f0480000,0x00000000f0480000,0x00000000f1c80000)
 ParOldGen       total 166400K, used 23136K [0x0000000080000000, 0x000000008a280000, 0x00000000d5580000)
  object space 166400K, 13% used [0x0000000080000000,0x0000000081698308,0x000000008a280000)
 Metaspace       used 56832K, capacity 59142K, committed 59160K, reserved 1099776K
  class space    used 7784K, capacity 8238K, committed 8240K, reserved 1048576K
}
Event: 3.887 GC heap before
{Heap before GC invocations=10 (full 3):
 PSYoungGen      total 315392K, used 20464K [0x00000000d5580000, 0x00000000f1c80000, 0x0000000100000000)
  eden space 294912K, 0% used [0x00000000d5580000,0x00000000d5580000,0x00000000e7580000)
  from space 20480K, 99% used [0x00000000e7580000,0x00000000e897c0e0,0x00000000e8980000)
  to   space 24576K, 0% used [0x00000000f0480000,0x00000000f0480000,0x00000000f1c80000)
 ParOldGen       total 166400K, used 23136K [0x0000000080000000, 0x000000008a280000, 0x00000000d5580000)
  object space 166400K, 13% used [0x0000000080000000,0x0000000081698308,0x000000008a280000)
 Metaspace       used 56832K, capacity 59142K, committed 59160K, reserved 1099776K
  class space    used 7784K, capacity 8238K, committed 8240K, reserved 1048576K
Event: 3.977 GC heap after
Heap after GC invocations=10 (full 3):
 PSYoungGen      total 315392K, used 0K [0x00000000d5580000, 0x00000000f1c80000, 0x0000000100000000)
  eden space 294912K, 0% used [0x00000000d5580000,0x00000000d5580000,0x00000000e7580000)
  from space 20480K, 0% used [0x00000000e7580000,0x00000000e7580000,0x00000000e8980000)
  to   space 24576K, 0% used [0x00000000f0480000,0x00000000f0480000,0x00000000f1c80000)
 ParOldGen       total 242688K, used 33911K [0x0000000080000000, 0x000000008ed00000, 0x00000000d5580000)
  object space 242688K, 13% used [0x0000000080000000,0x000000008211dc30,0x000000008ed00000)
 Metaspace       used 56807K, capacity 59058K, committed 59160K, reserved 1099776K
  class space    used 7777K, capacity 8224K, committed 8240K, reserved 1048576K
}

